Arguments: 
  /Users/rocky/.nvm/versions/node/v18.16.0/bin/node /Users/rocky/.node/corepack/yarn/1.22.15/bin/yarn.js add tsnode

PATH: 
  /Users/rocky/.nvm/versions/node/v18.16.0/bin:/Users/rocky/.pyenv/shims:/opt/homebrew/opt/ruby/bin:/opt/homebrew/lib/ruby/gems/3.1.0/bin:/opt/homebrew/bin:/opt/homebrew/sbin:/usr/local/bin:/usr/bin:/bin:/usr/sbin:/sbin:/Library/Apple/usr/bin:/Applications/Postgres.app/Contents/Versions/latest/bin:/Users/rocky/.nvm/versions/node/v18.16.0/bin:/Users/rocky/.pyenv/shims:/opt/homebrew/opt/ruby/bin:/opt/homebrew/lib/ruby/gems/3.1.0/bin:/opt/homebrew/bin:/opt/homebrew/sbin:/Users/rocky/.local/bin:/Users/rocky/.yarn/bin:/Users/rocky/.local/bin:/Users/rocky/.yarn/bin

Yarn version: 
  1.22.15

Node version: 
  18.16.0

Platform: 
  darwin arm64

Trace: 
  Error: https://registry.yarnpkg.com/tsnode: Not found
      at params.callback [as _callback] (/Users/rocky/.node/corepack/yarn/1.22.15/lib/cli.js:66140:18)
      at self.callback (/Users/rocky/.node/corepack/yarn/1.22.15/lib/cli.js:140885:22)
      at Request.emit (node:events:513:28)
      at Request.<anonymous> (/Users/rocky/.node/corepack/yarn/1.22.15/lib/cli.js:141857:10)
      at Request.emit (node:events:513:28)
      at IncomingMessage.<anonymous> (/Users/rocky/.node/corepack/yarn/1.22.15/lib/cli.js:141779:12)
      at Object.onceWrapper (node:events:627:28)
      at IncomingMessage.emit (node:events:525:35)
      at endReadableNT (node:internal/streams/readable:1359:12)
      at process.processTicksAndRejections (node:internal/process/task_queues:82:21)

npm manifest: 
  {
    "name": "fs",
    "version": "1.0.0",
    "main": "index.js",
    "license": "MIT"
  }

yarn manifest: 
  No manifest

Lockfile: 
  No lockfile
